\BOOKMARK [0][]{chapter*.2}{}{}% 1
\BOOKMARK [0][]{chapter.1}{\376\377\000\040\0001\000.\000\040\000\040\004\020\004\073\004\063\004\076\004\100\004\070\004\102\004\074\000\040\000S\000S\000A}{}% 2
\BOOKMARK [1][]{section.1.1}{\376\377\0001\000.\0001\000.\000\040\000\040\004\036\004\077\004\070\004\101\004\060\004\075\004\070\004\065\000\040\004\060\004\073\004\063\004\076\004\100\004\070\004\102\004\074\004\060}{chapter.1}% 3
\BOOKMARK [2][-]{subsection.1.1.1}{\376\377\0001\000.\0001\000.\0001\000.\000\040\000\040\004\022\004\073\004\076\004\066\004\065\004\075\004\070\004\065}{section.1.1}% 4
\BOOKMARK [2][-]{subsection.1.1.2}{\376\377\0001\000.\0001\000.\0002\000.\000\040\000\040\004\041\004\070\004\075\004\063\004\103\004\073\004\117\004\100\004\075\004\076\004\065\000\040\004\100\004\060\004\067\004\073\004\076\004\066\004\065\004\075\004\070\004\065}{section.1.1}% 5
\BOOKMARK [2][-]{subsection.1.1.3}{\376\377\0001\000.\0001\000.\0003\000.\000\040\000\040\004\023\004\100\004\103\004\077\004\077\004\070\004\100\004\076\004\062\004\072\004\060}{section.1.1}% 6
\BOOKMARK [2][-]{subsection.1.1.4}{\376\377\0001\000.\0001\000.\0004\000.\000\040\000\040\004\024\004\070\004\060\004\063\004\076\004\075\004\060\004\073\004\114\004\075\004\076\004\065\000\040\004\103\004\101\004\100\004\065\004\064\004\075\004\065\004\075\004\070\004\065}{section.1.1}% 7
\BOOKMARK [0][]{chapter.2}{\376\377\000\040\0002\000.\000\040\000\040\004\040\004\076\004\061\004\060\004\101\004\102\004\075\004\113\004\065\000\040\004\062\004\060\004\100\004\070\004\060\004\075\004\102\004\113\000\040\000S\000S\000A\000.}{}% 8
\BOOKMARK [1][]{section.2.1}{\376\377\0002\000.\0001\000.\000\040\000\040\004\037\004\100\004\076\004\065\004\072\004\106\004\070\004\117\000\040\004\077\004\076\000\040\004\075\004\076\004\100\004\074\004\065\000\040\000L\0001}{chapter.2}% 9
\BOOKMARK [1][]{section.2.2}{\376\377\0002\000.\0002\000.\000\040\000\040\004\037\004\100\004\076\004\065\004\072\004\106\004\070\004\117\000\040\004\077\004\076\000\040\004\062\004\067\004\062\004\065\004\110\004\065\004\075\004\075\004\076\004\071\000\040\004\075\004\076\004\100\004\074\004\065\000\040\000L\0002\000\040\004\101\000\040\004\070\004\102\004\065\004\100\004\060\004\102\004\070\004\062\004\075\004\113\004\074\000\040\004\076\004\061\004\075\004\076\004\062\004\073\004\065\004\075\004\070\004\065\004\074\000\040\004\062\004\065\004\101\004\076\004\062}{chapter.2}% 10
\BOOKMARK [1][]{section.2.3}{\376\377\0002\000.\0003\000.\000\040\000\040\004\034\004\076\004\064\004\070\004\104\004\070\004\072\004\060\004\106\004\070\004\117\000\040\004\074\004\065\004\102\004\076\004\064\004\060\000\040\004\101\000\040\004\070\004\102\004\065\004\100\004\060\004\102\004\070\004\062\004\075\004\113\004\074\000\040\004\076\004\061\004\075\004\076\004\062\004\073\004\065\004\075\004\070\004\065\004\074\000\040\004\062\004\065\004\101\004\076\004\062}{chapter.2}% 11
\BOOKMARK [0][]{chapter.3}{\376\377\000\040\0003\000.\000\040\000\040\004\037\004\100\004\070\004\074\004\065\004\100\004\113\000\040\004\100\004\060\004\061\004\076\004\102\004\113\000\040\004\060\004\073\004\063\004\076\004\100\004\070\004\102\004\074\004\076\004\062}{}% 12
\BOOKMARK [1][]{section.3.1}{\376\377\0003\000.\0001\000.\000\040\000\040\004\041\004\070\004\075\004\102\004\065\004\102\004\070\004\107\004\065\004\101\004\072\004\070\004\071\000\040\004\077\004\100\004\070\004\074\004\065\004\100\000\040\041\026\0001}{chapter.3}% 13
\BOOKMARK [1][]{section.3.2}{\376\377\0003\000.\0002\000.\000\040\000\040\004\041\004\070\004\075\004\102\004\065\004\102\004\070\004\107\004\065\004\101\004\072\004\070\004\071\000\040\004\077\004\100\004\070\004\074\004\065\004\100\000\040\041\026\0002}{chapter.3}% 14
\BOOKMARK [0][]{chapter.4}{\376\377\000\040\0004\000.\000\040\000\040\004\036\004\110\004\070\004\061\004\072\004\060\000\040\004\062\004\076\004\101\004\101\004\102\004\060\004\075\004\076\004\062\004\073\004\065\004\075\004\070\004\117}{}% 15
\BOOKMARK [1][]{section.4.1}{\376\377\0004\000.\0001\000.\000\040\000\040\004\050\004\103\004\074}{chapter.4}% 16
\BOOKMARK [2][-]{subsection.4.1.1}{\376\377\0004\000.\0001\000.\0001\000.\000\040\000\040\004\047\004\060\004\101\004\102\004\075\004\113\004\071\000\040\004\101\004\073\004\103\004\107\004\060\004\071}{section.4.1}% 17
\BOOKMARK [1][]{section.4.2}{\376\377\0004\000.\0002\000.\000\040\000\040\004\022\004\113\004\061\004\100\004\076\004\101}{chapter.4}% 18
\BOOKMARK [2][-]{subsection.4.2.1}{\376\377\0004\000.\0002\000.\0001\000.\000\040\000\040\0000\000\040\000<\000\040\000k\000\040\000<\000\040\000L}{section.4.2}% 19
\BOOKMARK [2][-]{subsection.4.2.2}{\376\377\0004\000.\0002\000.\0002\000.\000\040\000\040\000L\000\040\000k\000\040\000K}{section.4.2}% 20
\BOOKMARK [2][-]{subsection.4.2.3}{\376\377\0004\000.\0002\000.\0003\000.\000\040\000\040\000K\000\040\000<\000\040\000k\000\040\000N}{section.4.2}% 21
\BOOKMARK [2][-]{subsection.4.2.4}{\376\377\0004\000.\0002\000.\0004\000.\000\040\000\040\004\030\004\075\004\062\004\060\004\100\004\070\004\060\004\075\004\102\000\040\004\077\004\076\000\040\000R\000M\000S\000E}{section.4.2}% 22
\BOOKMARK [0][]{chapter.5}{\376\377\000\040\0005\000.\000\040\000\040\004\036\004\110\004\070\004\061\004\072\004\070\000\040\004\062\004\076\004\101\004\101\004\102\004\060\004\075\004\076\004\062\004\073\004\065\004\075\004\070\004\117\000\040\004\064\004\073\004\117\000\040\004\072\004\076\004\074\004\077\004\073\004\065\004\072\004\101\004\075\004\076\004\071\000\040\004\115\004\072\004\101\004\077\004\076\004\075\004\065\004\075\004\102\004\113}{}% 23
\BOOKMARK [1][]{section.5.1}{\376\377\0005\000.\0001\000.\000\040\000\040\004\022\004\065\004\111\004\065\004\101\004\102\004\062\004\065\004\075\004\075\004\113\004\065\000\040\004\062\004\113\004\061\004\100\004\076\004\101\004\113}{chapter.5}% 24
\BOOKMARK [0][]{chapter*.23}{}{}% 25
\BOOKMARK [0][]{chapter*.25}{\376\377\000\040}{}% 26
